[2018-01-10 15-42-50] Doctrine\ORM\ORMException: The identifier id is missing for a query of ProjectModule\Entities\Project in C:\xamppnew\htdocs\juno\vendor\doctrine\orm\lib\Doctrine\ORM\ORMException.php:294  @  http://localhost/juno/admin/project/management/dashboard?do=setMenuSession&value=true  @@  exception--2018-01-10--15-42--d38047ff72.html
[2018-01-10 15-53-03] Doctrine\ORM\ORMException: The identifier id is missing for a query of ProjectModule\Entities\Project in C:\xamppnew\htdocs\juno\vendor\doctrine\orm\lib\Doctrine\ORM\ORMException.php:294  @  http://localhost/juno/admin/project/management/dashboard?do=setMenuSession&value=true  @@  exception--2018-01-10--15-42--d38047ff72.html
[2018-01-10 15-53-11] Doctrine\ORM\ORMException: The identifier id is missing for a query of ProjectModule\Entities\Project in C:\xamppnew\htdocs\juno\vendor\doctrine\orm\lib\Doctrine\ORM\ORMException.php:294  @  http://localhost/juno/admin/project/management/dashboard?do=setMenuSession&value=false  @@  exception--2018-01-10--15-42--d38047ff72.html
[2018-01-10 16-04-31] Doctrine\ORM\ORMException: The identifier id is missing for a query of ProjectModule\Entities\Project in C:\xamppnew\htdocs\juno\vendor\doctrine\orm\lib\Doctrine\ORM\ORMException.php:294  @  http://localhost/juno/admin/project/management/dashboard?do=setMenuSession&value=true  @@  exception--2018-01-10--15-42--d38047ff72.html
[2018-01-10 16-05-38] Doctrine\ORM\ORMException: The identifier id is missing for a query of ProjectModule\Entities\Project in C:\xamppnew\htdocs\juno\vendor\doctrine\orm\lib\Doctrine\ORM\ORMException.php:294  @  http://localhost/juno/admin/project/management/dashboard?do=setMenuSession&value=true  @@  exception--2018-01-10--15-42--d38047ff72.html
[2018-01-10 16-05-42] Doctrine\ORM\ORMException: The identifier id is missing for a query of ProjectModule\Entities\Project in C:\xamppnew\htdocs\juno\vendor\doctrine\orm\lib\Doctrine\ORM\ORMException.php:294  @  http://localhost/juno/admin/project/management/dashboard?do=setMenuSession&value=true  @@  exception--2018-01-10--15-42--d38047ff72.html
[2018-01-10 16-05-43] Doctrine\ORM\ORMException: The identifier id is missing for a query of ProjectModule\Entities\Project in C:\xamppnew\htdocs\juno\vendor\doctrine\orm\lib\Doctrine\ORM\ORMException.php:294  @  http://localhost/juno/admin/project/management/dashboard?do=setMenuSession&value=false  @@  exception--2018-01-10--15-42--d38047ff72.html
[2018-01-10 16-05-48] Doctrine\ORM\ORMException: The identifier id is missing for a query of ProjectModule\Entities\Project in C:\xamppnew\htdocs\juno\vendor\doctrine\orm\lib\Doctrine\ORM\ORMException.php:294  @  http://localhost/juno/admin/project/management/dashboard?do=setMenuSession&value=true  @@  exception--2018-01-10--15-42--d38047ff72.html
[2018-01-10 16-06-26] Doctrine\ORM\ORMException: The identifier id is missing for a query of ProjectModule\Entities\Project in C:\xamppnew\htdocs\juno\vendor\doctrine\orm\lib\Doctrine\ORM\ORMException.php:294  @  http://localhost/juno/admin/project/management/dashboard?do=setMenuSession&value=true  @@  exception--2018-01-10--15-42--d38047ff72.html
[2018-01-10 16-08-40] Doctrine\ORM\ORMException: The identifier id is missing for a query of ProjectModule\Entities\Project in C:\xamppnew\htdocs\juno\vendor\doctrine\orm\lib\Doctrine\ORM\ORMException.php:294  @  http://localhost/juno/admin/project/management/dashboard?do=setMenuSession&value=true  @@  exception--2018-01-10--15-42--d38047ff72.html
[2018-01-10 16-12-36] Doctrine\ORM\ORMException: The identifier id is missing for a query of ProjectModule\Entities\Project in C:\xamppnew\htdocs\juno\vendor\doctrine\orm\lib\Doctrine\ORM\ORMException.php:294  @  http://localhost/juno/admin/project/management/dashboard?do=setMenuSession&value=true  @@  exception--2018-01-10--15-42--d38047ff72.html
[2018-01-11 16-14-34] Nette\MemberAccessException: Cannot read an undeclared property ProjectModule\Presenters\TestAnalysesPresenter::$categoryService. in C:\xamppnew\htdocs\juno\vendor\nette\utils\src\Utils\ObjectMixin.php:38  @  http://localhost/juno/admin/project/test-analyses/default/2?testAnalysesGrid-parent=1&do=testAnalysesGrid-getChildren  @@  exception--2018-01-11--16-14--cc45cc4878.html
[2018-01-11 16-15-07] Nette\MemberAccessException: Cannot read an undeclared property ProjectModule\Presenters\TestAnalysesPresenter::$categoryService. in C:\xamppnew\htdocs\juno\vendor\nette\utils\src\Utils\ObjectMixin.php:38  @  http://localhost/juno/admin/project/test-analyses/default/2?testAnalysesGrid-parent=1&do=testAnalysesGrid-getChildren  @@  exception--2018-01-11--16-14--cc45cc4878.html
[2018-01-11 16-15-08] Nette\MemberAccessException: Cannot read an undeclared property ProjectModule\Presenters\TestAnalysesPresenter::$categoryService. in C:\xamppnew\htdocs\juno\vendor\nette\utils\src\Utils\ObjectMixin.php:38  @  http://localhost/juno/admin/project/test-analyses/default/2?testAnalysesGrid-parent=1&do=testAnalysesGrid-getChildren  @@  exception--2018-01-11--16-14--cc45cc4878.html
[2018-01-11 16-15-36] Nette\MemberAccessException: Cannot read an undeclared property ProjectModule\Presenters\TestAnalysesPresenter::$categoryService. in C:\xamppnew\htdocs\juno\vendor\nette\utils\src\Utils\ObjectMixin.php:38  @  http://localhost/juno/admin/project/test-analyses/default/2?testAnalysesGrid-parent=1&do=testAnalysesGrid-getChildren  @@  exception--2018-01-11--16-14--cc45cc4878.html
[2018-01-11 16-18-25] Kdyby\Doctrine\MemberAccessException: Call to undefined method ProjectModule\Entities\TestCase::hasChildren(). in C:\xamppnew\htdocs\juno\vendor\kdyby\doctrine\src\Kdyby\Doctrine\exceptions.php:231  @  http://localhost/juno/admin/project/test-analyses/default/2?testAnalysesGrid-parent=1&do=testAnalysesGrid-getChildren  @@  exception--2018-01-11--16-18--f5415e3e73.html
[2018-01-11 16-18-49] Kdyby\Doctrine\MemberAccessException: Call to undefined method ProjectModule\Entities\TestCase::hasChildren(). in C:\xamppnew\htdocs\juno\vendor\kdyby\doctrine\src\Kdyby\Doctrine\exceptions.php:231  @  http://localhost/juno/admin/project/test-analyses/default/2?testAnalysesGrid-parent=1&do=testAnalysesGrid-getChildren  @@  exception--2018-01-11--16-18--f5415e3e73.html
[2018-01-12 14-22-01] Kdyby\Doctrine\MemberAccessException: Call to undefined method ProjectModule\Entities\TestCase::hasChildren(). in C:\xamppnew\htdocs\juno\vendor\kdyby\doctrine\src\Kdyby\Doctrine\exceptions.php:231  @  http://localhost/juno/admin/project/test-analyses/default/2?testAnalysesGrid-parent=1&do=testAnalysesGrid-getChildren  @@  exception--2018-01-11--16-18--f5415e3e73.html
[2018-01-12 14-22-04] Kdyby\Doctrine\MemberAccessException: Call to undefined method ProjectModule\Entities\TestCase::hasChildren(). in C:\xamppnew\htdocs\juno\vendor\kdyby\doctrine\src\Kdyby\Doctrine\exceptions.php:231  @  http://localhost/juno/admin/project/test-analyses/default/2?testAnalysesGrid-parent=1&do=testAnalysesGrid-getChildren  @@  exception--2018-01-11--16-18--f5415e3e73.html
[2018-01-12 14-22-08] Kdyby\Doctrine\MemberAccessException: Call to undefined method ProjectModule\Entities\TestCase::hasChildren(). in C:\xamppnew\htdocs\juno\vendor\kdyby\doctrine\src\Kdyby\Doctrine\exceptions.php:231  @  http://localhost/juno/admin/project/test-analyses/default/2?testAnalysesGrid-parent=1&do=testAnalysesGrid-getChildren  @@  exception--2018-01-11--16-18--f5415e3e73.html
[2018-01-12 14-22-27] Kdyby\Doctrine\MemberAccessException: Call to undefined method ProjectModule\Entities\TestCase::hasChildren(). in C:\xamppnew\htdocs\juno\vendor\kdyby\doctrine\src\Kdyby\Doctrine\exceptions.php:231  @  http://localhost/juno/admin/project/test-analyses/default/2?testAnalysesGrid-parent=1&do=testAnalysesGrid-getChildren  @@  exception--2018-01-11--16-18--f5415e3e73.html
[2018-01-12 14-22-29] Kdyby\Doctrine\MemberAccessException: Call to undefined method ProjectModule\Entities\TestCase::hasChildren(). in C:\xamppnew\htdocs\juno\vendor\kdyby\doctrine\src\Kdyby\Doctrine\exceptions.php:231  @  http://localhost/juno/admin/project/test-analyses/default/2?testAnalysesGrid-parent=1&do=testAnalysesGrid-getChildren  @@  exception--2018-01-11--16-18--f5415e3e73.html
[2018-01-12 15-32-38] User Warning: Invalid link: Unknown signal 'deleteTestCase', missing handler Ublaboo\DataGrid\DataGrid::handledeleteTestCase() in C:\xamppnew\htdocs\juno\vendor\nette\application\src\Application\UI\Presenter.php:1078  @  http://localhost/juno/admin/project/test-analyses/default/2?testAnalysesGrid-parent=1&do=testAnalysesGrid-getChildren  @@  exception--2018-01-12--15-32--8c452ba866.html
[2018-01-14 20-09-47] Notice: Object of class Nette\Utils\ArrayHash could not be converted to int in C:\xamppnew\htdocs\juno\app\AdminModule\DefaultModule\model\Factories\DynamicFormFactory.php:33  @  http://localhost/juno/admin/project/test-analyses/default/2  @@  exception--2018-01-14--20-09--ffbcf52ca8.html
[2018-01-14 20-09-48] Notice: Object of class Nette\Utils\ArrayHash could not be converted to int in C:\xamppnew\htdocs\juno\app\AdminModule\DefaultModule\model\Factories\DynamicFormFactory.php:33  @  http://localhost/juno/admin/project/test-analyses/default/2  @@  exception--2018-01-14--20-09--ffbcf52ca8.html
[2018-01-14 20-37-40] Notice: Object of class Nette\Utils\ArrayHash could not be converted to int in C:\xamppnew\htdocs\juno\app\AdminModule\DefaultModule\model\Factories\DynamicFormFactory.php:33  @  http://localhost/juno/admin/project/test-analyses/default/2  @@  exception--2018-01-14--20-09--ffbcf52ca8.html
[2018-01-14 20-39-59] Recoverable Error: Argument 1 passed to ProjectModule\Factories\TestCaseFormFactory::MyFormAddElementClicked() must be an instance of ProjectModule\Factories\SubmitButton, instance of Nette\Forms\Controls\SubmitButton given in C:\xamppnew\htdocs\juno\app\AdminModule\Modules\ProjectModule\model\Factories\TestCaseFormFactory.php:69  @  http://localhost/juno/admin/project/test-analyses/default/2  @@  exception--2018-01-14--20-39--3e299b3c74.html
[2018-01-15 09-53-24] Nette\InvalidArgumentException: Component with name 'multiplier_remover' does not exist. in C:\xamppnew\htdocs\juno\vendor\nette\component-model\src\ComponentModel\Container.php:170  @  http://localhost/juno/admin/project/test-analyses/default/2  @@  exception--2018-01-15--09-53--0da5e6f159.html
[2018-01-15 09-53-27] Nette\InvalidArgumentException: Component with name 'multiplier_remover' does not exist. in C:\xamppnew\htdocs\juno\vendor\nette\component-model\src\ComponentModel\Container.php:170  @  http://localhost/juno/admin/project/test-analyses/default/2  @@  exception--2018-01-15--09-53--0da5e6f159.html
[2018-01-15 09-53-40] Nette\InvalidArgumentException: Component with name 'multiplier_remover' does not exist. in C:\xamppnew\htdocs\juno\vendor\nette\component-model\src\ComponentModel\Container.php:170  @  http://localhost/juno/admin/project/test-analyses/default/2  @@  exception--2018-01-15--09-53--0da5e6f159.html
[2018-01-15 09-54-14] Nette\InvalidArgumentException: Component with name 'multiplier_remover' does not exist. in C:\xamppnew\htdocs\juno\vendor\nette\component-model\src\ComponentModel\Container.php:170  @  http://localhost/juno/admin/project/test-analyses/default/2  @@  exception--2018-01-15--09-53--0da5e6f159.html
[2018-01-15 09-54-56] Warning: rename(C:\xamppnew\htdocs\juno\app/../temp/proxies\__CG__DefaultModuleEntitiesBilling_address.php.5a5c6c60b54c21.01470496,C:\xamppnew\htdocs\juno\app/../temp/proxies\__CG__DefaultModuleEntitiesBilling_address.php): Access is denied. (code: 5) in C:\xamppnew\htdocs\juno\vendor\doctrine\common\lib\Doctrine\Common\Proxy\ProxyGenerator.php:306  @  http://localhost/juno/admin/project/test-analyses/default/2  @@  exception--2018-01-15--09-54--48395bf14c.html
[2018-01-15 09-54-58] Nette\InvalidArgumentException: Component with name 'multiplier_remover' does not exist. in C:\xamppnew\htdocs\juno\vendor\nette\component-model\src\ComponentModel\Container.php:170  @  http://localhost/juno/admin/project/test-analyses/default/2  @@  exception--2018-01-15--09-53--0da5e6f159.html
[2018-01-15 09-56-14] Nette\MemberAccessException: Cannot read an undeclared property ProjectModule\Factories\TestCaseFormFactory::$presenter. in C:\xamppnew\htdocs\juno\vendor\nette\utils\src\Utils\ObjectMixin.php:38  @  http://localhost/juno/admin/project/test-analyses/default/2  @@  exception--2018-01-15--09-56--efa45ace1f.html
[2018-01-15 09-57-00] Nette\InvalidArgumentException: Component with name 'multiplier_remover' does not exist. in C:\xamppnew\htdocs\juno\vendor\nette\component-model\src\ComponentModel\Container.php:170  @  http://localhost/juno/admin/project/test-analyses/default/2  @@  exception--2018-01-15--09-53--0da5e6f159.html
[2018-01-15 09-57-05] Nette\InvalidArgumentException: Component with name 'multiplier_remover' does not exist. in C:\xamppnew\htdocs\juno\vendor\nette\component-model\src\ComponentModel\Container.php:170  @  http://localhost/juno/admin/project/test-analyses/default/2  @@  exception--2018-01-15--09-53--0da5e6f159.html
[2018-01-15 09-57-28] Nette\InvalidArgumentException: Component with name 'multiplier_remover' does not exist. in C:\xamppnew\htdocs\juno\vendor\nette\component-model\src\ComponentModel\Container.php:170  @  http://localhost/juno/admin/project/test-analyses/default/2  @@  exception--2018-01-15--09-57--7556cf7e35.html
[2018-01-15 09-57-31] Nette\InvalidArgumentException: Component with name 'multiplier_remover' does not exist. in C:\xamppnew\htdocs\juno\vendor\nette\component-model\src\ComponentModel\Container.php:170  @  http://localhost/juno/admin/project/test-analyses/default/2  @@  exception--2018-01-15--09-57--7556cf7e35.html
[2018-01-15 10-06-53] Warning: end() expects parameter 1 to be array, null given in C:\xamppnew\htdocs\juno\temp\cache\latte\templates-TestAnalyses-default.latte--06db029b3c.php:177  @  http://localhost/juno/admin/project/test-analyses/default/2  @@  exception--2018-01-15--10-06--15b96b1e47.html
[2018-01-15 10-06-57] Warning: end() expects parameter 1 to be array, null given in C:\xamppnew\htdocs\juno\temp\cache\latte\templates-TestAnalyses-default.latte--06db029b3c.php:177  @  http://localhost/juno/admin/project/test-analyses/default/2  @@  exception--2018-01-15--10-06--15b96b1e47.html
[2018-01-15 10-06-58] Warning: end() expects parameter 1 to be array, null given in C:\xamppnew\htdocs\juno\temp\cache\latte\templates-TestAnalyses-default.latte--06db029b3c.php:177  @  http://localhost/juno/admin/project/test-analyses/default/2  @@  exception--2018-01-15--10-06--15b96b1e47.html
[2018-01-15 10-06-58] Warning: end() expects parameter 1 to be array, null given in C:\xamppnew\htdocs\juno\temp\cache\latte\templates-TestAnalyses-default.latte--06db029b3c.php:177  @  http://localhost/juno/admin/project/test-analyses/default/2  @@  exception--2018-01-15--10-06--15b96b1e47.html
[2018-01-15 10-06-58] Warning: end() expects parameter 1 to be array, null given in C:\xamppnew\htdocs\juno\temp\cache\latte\templates-TestAnalyses-default.latte--06db029b3c.php:177  @  http://localhost/juno/admin/project/test-analyses/default/2  @@  exception--2018-01-15--10-06--15b96b1e47.html
[2018-01-15 17-58-55] Nette\InvalidArgumentException: Component with name 'editTestCase' does not exist, did you mean 'editTestCaseForm'? in C:\xamppnew\htdocs\juno\vendor\nette\component-model\src\ComponentModel\Container.php:170  @  http://localhost/juno/admin/project/test-analyses/default/8?testCaseID=24&do=editTestCase  @@  exception--2018-01-15--17-58--88c4d29bad.html
[2018-01-15 17-59-50] Notice: Array to string conversion in C:\xamppnew\htdocs\juno\vendor\nette\forms\src\Forms\Controls\ChoiceControl.php:62  @  http://localhost/juno/admin/project/test-analyses/default/8?testCaseID=24&do=editTestCase  @@  exception--2018-01-15--17-59--869c0a9ca7.html
[2018-01-15 18-22-57] Nette\InvalidArgumentException: Value '5' is out of allowed set [] in field 'testSet'. in C:\xamppnew\htdocs\juno\vendor\nette\forms\src\Forms\Controls\ChoiceControl.php:64  @  http://localhost/juno/admin/project/test-analyses/default/8?testCaseID=24&do=editTestCase  @@  exception--2018-01-15--18-22--2a26582364.html
[2018-01-17 18-28-41] Nette\MemberAccessException: Cannot read an undeclared column 'test_sprint_id'. in C:\xamppnew\htdocs\juno\vendor\nette\database\src\Database\Table\ActiveRow.php:299  @  http://localhost/juno/admin/project/rest-test-execution/get-user-test-sprints-by-test-plan/8?userID=2&testPlanID=5  @@  exception--2018-01-17--18-28--e2e894f2a3.html
[2018-01-22 11-11-06] User Notice: Possible problem: you are sending a HTTP header while already having some data in output buffer. Try Tracy\OutputDebugger or start session earlier. in C:\xamppnew\htdocs\juno\vendor\nette\http\src\Http\Response.php:304  @  http://localhost/juno/admin/project/test-plan/default/8?testPlanGrid-per_page=20  @@  exception--2018-01-22--11-11--b2009001dd.html
[2018-01-22 11-13-42] Kdyby\Translation\InvalidArgumentException: Message id must be a string, integer was given in C:\xamppnew\htdocs\juno\vendor\kdyby\translation\src\Translator.php:152  @  http://localhost/juno/admin/project/test-plan/default/8?testPlanGrid-per_page=10  @@  exception--2018-01-22--11-13--cb8e679a01.html
[2018-01-22 15-16-19] Fatal Error: Call to a member function format() on string in C:\xamppnew\htdocs\juno\vendor\doctrine\dbal\lib\Doctrine\DBAL\Types\DateTimeType.php:53  @  http://localhost/juno/admin/project/test-analyses/default/8?testAnalysesGrid-parent=10&testAnalysesGrid-per_page=10&testAnalysesGrid-filter%5Bname%5D=&testAnalysesGrid-filter%5BcreateDate%5D=18.+1.+2018&do=testAnalysesGrid-getChildren  @@  exception--2018-01-22--15-16--ef57d69f5b.html
[2018-01-22 15-16-22] Fatal Error: Call to a member function format() on string in C:\xamppnew\htdocs\juno\vendor\doctrine\dbal\lib\Doctrine\DBAL\Types\DateTimeType.php:53  @  http://localhost/juno/admin/project/test-analyses/default/8?testAnalysesGrid-parent=10&testAnalysesGrid-per_page=10&testAnalysesGrid-filter%5Bname%5D=&testAnalysesGrid-filter%5BcreateDate%5D=18.+1.+2018&do=testAnalysesGrid-getChildren  @@  exception--2018-01-22--15-16--ef57d69f5b.html
[2018-01-22 15-16-24] Fatal Error: Call to a member function format() on string in C:\xamppnew\htdocs\juno\vendor\doctrine\dbal\lib\Doctrine\DBAL\Types\DateTimeType.php:53  @  http://localhost/juno/admin/project/test-analyses/default/8?testAnalysesGrid-parent=10&testAnalysesGrid-per_page=10&testAnalysesGrid-filter%5Bname%5D=&testAnalysesGrid-filter%5BcreateDate%5D=18.+1.+2018&do=testAnalysesGrid-getChildren  @@  exception--2018-01-22--15-16--ef57d69f5b.html
[2018-01-22 15-17-19] Fatal Error: Call to a member function format() on string in C:\xamppnew\htdocs\juno\vendor\doctrine\dbal\lib\Doctrine\DBAL\Types\DateTimeType.php:53  @  http://localhost/juno/admin/project/test-analyses/default/8?testAnalysesGrid-parent=10&testAnalysesGrid-per_page=10&testAnalysesGrid-filter%5Bname%5D=&testAnalysesGrid-filter%5BcreateDate%5D=18.+1.+2018&do=testAnalysesGrid-getChildren  @@  exception--2018-01-22--15-16--ef57d69f5b.html
[2018-01-22 15-17-38] Fatal Error: Call to a member function format() on string in C:\xamppnew\htdocs\juno\vendor\doctrine\dbal\lib\Doctrine\DBAL\Types\DateTimeType.php:53  @  http://localhost/juno/admin/project/test-analyses/default/8?testAnalysesGrid-parent=10&testAnalysesGrid-per_page=10&testAnalysesGrid-filter%5Bname%5D=&testAnalysesGrid-filter%5BcreateDate%5D=18.+1.+2018&do=testAnalysesGrid-getChildren  @@  exception--2018-01-22--15-16--ef57d69f5b.html
[2018-01-22 15-17-39] Fatal Error: Call to a member function format() on string in C:\xamppnew\htdocs\juno\vendor\doctrine\dbal\lib\Doctrine\DBAL\Types\DateTimeType.php:53  @  http://localhost/juno/admin/project/test-analyses/default/8?testAnalysesGrid-parent=10&testAnalysesGrid-per_page=10&testAnalysesGrid-filter%5Bname%5D=&testAnalysesGrid-filter%5BcreateDate%5D=18.+1.+2018&do=testAnalysesGrid-getChildren  @@  exception--2018-01-22--15-16--ef57d69f5b.html
[2018-01-22 15-39-46] Fatal Error: Call to a member function format() on string in C:\xamppnew\htdocs\juno\vendor\doctrine\dbal\lib\Doctrine\DBAL\Types\DateTimeType.php:53  @  http://localhost/juno/admin/project/test-analyses/default/8?testAnalysesGrid-parent=10&testAnalysesGrid-per_page=10&testAnalysesGrid-filter%5BcreateDate%5D=18.1.2018&testAnalysesGrid-filter%5Bname%5D=&do=testAnalysesGrid-getChildren  @@  exception--2018-01-22--15-16--ef57d69f5b.html
[2018-01-22 15-42-26] Fatal Error: Call to a member function format() on string in C:\xamppnew\htdocs\juno\vendor\doctrine\dbal\lib\Doctrine\DBAL\Types\DateTimeType.php:53  @  http://localhost/juno/admin/project/test-analyses/default/8?testAnalysesGrid-parent=10&testAnalysesGrid-per_page=10&testAnalysesGrid-filter%5BcreateDate%5D=18.1.2018&do=testAnalysesGrid-getChildren  @@  exception--2018-01-22--15-16--ef57d69f5b.html
[2018-01-22 15-42-50] Fatal Error: Call to a member function format() on string in C:\xamppnew\htdocs\juno\vendor\doctrine\dbal\lib\Doctrine\DBAL\Types\DateTimeType.php:53  @  http://localhost/juno/admin/project/test-analyses/default/8?testAnalysesGrid-parent=10&testAnalysesGrid-per_page=10&testAnalysesGrid-filter%5BcreateDate%5D=18.1.2018&do=testAnalysesGrid-getChildren  @@  exception--2018-01-22--15-16--ef57d69f5b.html
[2018-01-22 15-45-28] Fatal Error: Call to a member function format() on string in C:\xamppnew\htdocs\juno\vendor\doctrine\dbal\lib\Doctrine\DBAL\Types\DateTimeType.php:53  @  http://localhost/juno/admin/project/test-analyses/default/8?testAnalysesGrid-parent=10&do=testAnalysesGrid-getChildren  @@  exception--2018-01-22--15-16--ef57d69f5b.html
[2018-01-22 15-48-09] Fatal Error: Call to a member function format() on string in C:\xamppnew\htdocs\juno\vendor\doctrine\dbal\lib\Doctrine\DBAL\Types\DateTimeType.php:53  @  http://localhost/juno/admin/project/test-analyses/default/8?testAnalysesGrid-parent=10&testAnalysesGrid-per_page=10&testAnalysesGrid-filter%5Bname%5D=&testAnalysesGrid-filter%5BcreateDate%5D=18.1.2018&do=testAnalysesGrid-getChildren  @@  exception--2018-01-22--15-16--ef57d69f5b.html
[2018-01-22 15-49-27] Fatal Error: Call to a member function format() on string in C:\xamppnew\htdocs\juno\vendor\doctrine\dbal\lib\Doctrine\DBAL\Types\DateTimeType.php:53  @  http://localhost/juno/admin/project/test-analyses/default/8?testAnalysesGrid-parent=10&testAnalysesGrid-per_page=10&testAnalysesGrid-filter%5BcreateDate%5D=18.1.2018&do=testAnalysesGrid-getChildren  @@  exception--2018-01-22--15-16--ef57d69f5b.html
[2018-01-22 15-49-32] Fatal Error: Call to a member function format() on string in C:\xamppnew\htdocs\juno\vendor\doctrine\dbal\lib\Doctrine\DBAL\Types\DateTimeType.php:53  @  http://localhost/juno/admin/project/test-analyses/default/8?testAnalysesGrid-parent=10&testAnalysesGrid-per_page=10&testAnalysesGrid-filter%5BcreateDate%5D=18.1.2018&do=testAnalysesGrid-getChildren  @@  exception--2018-01-22--15-16--ef57d69f5b.html
[2018-01-22 15-49-41] Fatal Error: Call to a member function format() on string in C:\xamppnew\htdocs\juno\vendor\doctrine\dbal\lib\Doctrine\DBAL\Types\DateTimeType.php:53  @  http://localhost/juno/admin/project/test-analyses/default/8?testAnalysesGrid-parent=10&testAnalysesGrid-per_page=10&testAnalysesGrid-filter%5BcreateDate%5D=18.1.2018&do=testAnalysesGrid-getChildren  @@  exception--2018-01-22--15-16--ef57d69f5b.html
[2018-01-22 15-52-53] Fatal Error: Call to a member function format() on string in C:\xamppnew\htdocs\juno\vendor\doctrine\dbal\lib\Doctrine\DBAL\Types\DateTimeType.php:53  @  http://localhost/juno/admin/project/test-analyses/default/8?testAnalysesGrid-parent=10&testAnalysesGrid-per_page=10&testAnalysesGrid-filter%5BcreateDate%5D=18.1.2018&testAnalysesGrid-filter%5Bname%5D=&do=testAnalysesGrid-getChildren  @@  exception--2018-01-22--15-16--ef57d69f5b.html
[2018-01-22 15-53-01] Fatal Error: Call to a member function format() on string in C:\xamppnew\htdocs\juno\vendor\doctrine\dbal\lib\Doctrine\DBAL\Types\DateTimeType.php:53  @  http://localhost/juno/admin/project/test-analyses/default/8?testAnalysesGrid-parent=10&testAnalysesGrid-per_page=10&testAnalysesGrid-filter%5BcreateDate%5D=18.1.2018&testAnalysesGrid-filter%5Bname%5D=&do=testAnalysesGrid-getChildren  @@  exception--2018-01-22--15-16--ef57d69f5b.html
[2018-01-22 15-54-04] Fatal Error: Call to a member function format() on string in C:\xamppnew\htdocs\juno\vendor\doctrine\dbal\lib\Doctrine\DBAL\Types\DateTimeType.php:53  @  http://localhost/juno/admin/project/test-analyses/default/8?testAnalysesGrid-parent=10&testAnalysesGrid-per_page=10&testAnalysesGrid-filter%5BcreateDate%5D=18.1.2018&testAnalysesGrid-filter%5Bname%5D=&do=testAnalysesGrid-getChildren  @@  exception--2018-01-22--15-16--ef57d69f5b.html
[2018-01-22 15-55-21] Fatal Error: Call to a member function format() on string in C:\xamppnew\htdocs\juno\vendor\doctrine\dbal\lib\Doctrine\DBAL\Types\DateTimeType.php:53  @  http://localhost/juno/admin/project/test-analyses/default/8?testAnalysesGrid-parent=10&testAnalysesGrid-per_page=10&testAnalysesGrid-filter%5BcreateDate%5D=18.1.2018&testAnalysesGrid-filter%5Bname%5D=&do=testAnalysesGrid-getChildren  @@  exception--2018-01-22--15-16--ef57d69f5b.html
[2018-01-22 15-55-38] Fatal Error: Call to a member function format() on string in C:\xamppnew\htdocs\juno\vendor\doctrine\dbal\lib\Doctrine\DBAL\Types\DateTimeType.php:53  @  http://localhost/juno/admin/project/test-analyses/default/8?testAnalysesGrid-parent=10&testAnalysesGrid-per_page=10&testAnalysesGrid-filter%5BcreateDate%5D=18.1.2018&testAnalysesGrid-filter%5Bname%5D=&do=testAnalysesGrid-getChildren  @@  exception--2018-01-22--15-16--ef57d69f5b.html
[2018-01-22 15-55-56] Fatal Error: Call to a member function format() on string in C:\xamppnew\htdocs\juno\vendor\doctrine\dbal\lib\Doctrine\DBAL\Types\DateTimeType.php:53  @  http://localhost/juno/admin/project/test-analyses/default/8?testAnalysesGrid-parent=10&testAnalysesGrid-per_page=10&testAnalysesGrid-filter%5BcreateDate%5D=18.1.2018&do=testAnalysesGrid-getChildren  @@  exception--2018-01-22--15-16--ef57d69f5b.html
[2018-01-22 15-58-15] Fatal Error: Call to a member function format() on string in C:\xamppnew\htdocs\juno\vendor\doctrine\dbal\lib\Doctrine\DBAL\Types\DateTimeType.php:53  @  http://localhost/juno/admin/project/test-analyses/default/8?testAnalysesGrid-parent=10&testAnalysesGrid-per_page=10&testAnalysesGrid-filter%5BcreateDate%5D=18.1.2018&testAnalysesGrid-filter%5Bname%5D=&do=testAnalysesGrid-getChildren  @@  exception--2018-01-22--15-16--ef57d69f5b.html
[2018-01-22 15-58-42] Fatal Error: Call to a member function format() on string in C:\xamppnew\htdocs\juno\vendor\doctrine\dbal\lib\Doctrine\DBAL\Types\DateTimeType.php:53  @  http://localhost/juno/admin/project/test-analyses/default/8?testAnalysesGrid-parent=10&testAnalysesGrid-per_page=10&testAnalysesGrid-filter%5BcreateDate%5D=18.1.2018&testAnalysesGrid-filter%5Bname%5D=&do=testAnalysesGrid-getChildren  @@  exception--2018-01-22--15-16--ef57d69f5b.html
[2018-01-22 15-59-37] Fatal Error: Call to a member function format() on string in C:\xamppnew\htdocs\juno\vendor\doctrine\dbal\lib\Doctrine\DBAL\Types\DateTimeType.php:53  @  http://localhost/juno/admin/project/test-analyses/default/8?testAnalysesGrid-parent=10&testAnalysesGrid-per_page=10&testAnalysesGrid-filter%5BcreateDate%5D=18.1.2018&do=testAnalysesGrid-getChildren  @@  exception--2018-01-22--15-16--ef57d69f5b.html
[2018-01-22 15-59-46] Fatal Error: Call to a member function format() on string in C:\xamppnew\htdocs\juno\vendor\doctrine\dbal\lib\Doctrine\DBAL\Types\DateTimeType.php:53  @  http://localhost/juno/admin/project/test-analyses/default/8?testAnalysesGrid-parent=10&testAnalysesGrid-per_page=10&testAnalysesGrid-filter%5BcreateDate%5D=18.1.2018&do=testAnalysesGrid-getChildren  @@  exception--2018-01-22--15-16--ef57d69f5b.html
[2018-01-22 15-59-47] Fatal Error: Call to a member function format() on string in C:\xamppnew\htdocs\juno\vendor\doctrine\dbal\lib\Doctrine\DBAL\Types\DateTimeType.php:53  @  http://localhost/juno/admin/project/test-analyses/default/8?testAnalysesGrid-parent=10&testAnalysesGrid-per_page=10&testAnalysesGrid-filter%5BcreateDate%5D=18.1.2018&do=testAnalysesGrid-getChildren  @@  exception--2018-01-22--15-16--ef57d69f5b.html
[2018-01-22 16-01-28] Fatal Error: Call to a member function format() on string in C:\xamppnew\htdocs\juno\vendor\doctrine\dbal\lib\Doctrine\DBAL\Types\DateTimeType.php:53  @  http://localhost/juno/admin/project/test-analyses/default/8?testAnalysesGrid-parent=10&testAnalysesGrid-per_page=10&testAnalysesGrid-filter%5BcreateDate%5D=18.1.2018&do=testAnalysesGrid-getChildren  @@  exception--2018-01-22--15-16--ef57d69f5b.html
[2018-01-22 16-01-32] Fatal Error: Call to a member function format() on string in C:\xamppnew\htdocs\juno\vendor\doctrine\dbal\lib\Doctrine\DBAL\Types\DateTimeType.php:53  @  http://localhost/juno/admin/project/test-analyses/default/8?testAnalysesGrid-parent=10&testAnalysesGrid-per_page=10&testAnalysesGrid-filter%5BcreateDate%5D=18.1.2018&do=testAnalysesGrid-getChildren  @@  exception--2018-01-22--15-16--ef57d69f5b.html
[2018-01-22 16-01-50] Fatal Error: Call to a member function format() on string in C:\xamppnew\htdocs\juno\vendor\doctrine\dbal\lib\Doctrine\DBAL\Types\DateTimeType.php:53  @  http://localhost/juno/admin/project/test-analyses/default/8?testAnalysesGrid-parent=10&testAnalysesGrid-per_page=10&testAnalysesGrid-filter%5BcreateDate%5D=18.1.2018&do=testAnalysesGrid-getChildren  @@  exception--2018-01-22--15-16--ef57d69f5b.html
[2018-01-22 16-02-11] Fatal Error: Call to a member function format() on string in C:\xamppnew\htdocs\juno\vendor\doctrine\dbal\lib\Doctrine\DBAL\Types\DateTimeType.php:53  @  http://localhost/juno/admin/project/test-analyses/default/8?testAnalysesGrid-parent=10&testAnalysesGrid-per_page=10&testAnalysesGrid-filter%5BcreateDate%5D=18.1.2018&do=testAnalysesGrid-getChildren  @@  exception--2018-01-22--15-16--ef57d69f5b.html
[2018-01-22 16-03-07] Fatal Error: Call to a member function format() on string in C:\xamppnew\htdocs\juno\vendor\doctrine\dbal\lib\Doctrine\DBAL\Types\DateTimeType.php:53  @  http://localhost/juno/admin/project/test-analyses/default/8?testAnalysesGrid-parent=10&testAnalysesGrid-per_page=10&testAnalysesGrid-filter%5BcreateDate%5D=18.1.2018&do=testAnalysesGrid-getChildren  @@  exception--2018-01-22--15-16--ef57d69f5b.html
[2018-01-22 16-04-11] Fatal Error: Call to a member function format() on string in C:\xamppnew\htdocs\juno\vendor\doctrine\dbal\lib\Doctrine\DBAL\Types\DateTimeType.php:53  @  http://localhost/juno/admin/project/test-analyses/default/8?testAnalysesGrid-parent=10&testAnalysesGrid-per_page=10&testAnalysesGrid-filter%5BcreateDate%5D=18.1.2018&do=testAnalysesGrid-getChildren  @@  exception--2018-01-22--15-16--ef57d69f5b.html
[2018-01-22 16-04-13] Fatal Error: Call to a member function format() on string in C:\xamppnew\htdocs\juno\vendor\doctrine\dbal\lib\Doctrine\DBAL\Types\DateTimeType.php:53  @  http://localhost/juno/admin/project/test-analyses/default/8?testAnalysesGrid-parent=10&testAnalysesGrid-per_page=10&testAnalysesGrid-filter%5BcreateDate%5D=18.1.2018&do=testAnalysesGrid-getChildren  @@  exception--2018-01-22--15-16--ef57d69f5b.html
[2018-01-22 16-04-20] Fatal Error: Call to a member function format() on string in C:\xamppnew\htdocs\juno\vendor\doctrine\dbal\lib\Doctrine\DBAL\Types\DateTimeType.php:53  @  http://localhost/juno/admin/project/test-analyses/default/8?testAnalysesGrid-parent=10&testAnalysesGrid-per_page=10&testAnalysesGrid-filter%5BcreateDate%5D=18.1.2018&do=testAnalysesGrid-getChildren  @@  exception--2018-01-22--15-16--ef57d69f5b.html
[2018-01-22 16-04-23] Fatal Error: Call to a member function format() on string in C:\xamppnew\htdocs\juno\vendor\doctrine\dbal\lib\Doctrine\DBAL\Types\DateTimeType.php:53  @  http://localhost/juno/admin/project/test-analyses/default/8?testAnalysesGrid-parent=10&testAnalysesGrid-per_page=10&testAnalysesGrid-filter%5BcreateDate%5D=18.1.2018&do=testAnalysesGrid-getChildren  @@  exception--2018-01-22--15-16--ef57d69f5b.html
[2018-01-22 16-04-33] Fatal Error: Call to a member function format() on string in C:\xamppnew\htdocs\juno\vendor\doctrine\dbal\lib\Doctrine\DBAL\Types\DateTimeType.php:53  @  http://localhost/juno/admin/project/test-analyses/default/8?testAnalysesGrid-parent=10&testAnalysesGrid-per_page=10&testAnalysesGrid-filter%5BcreateDate%5D=18.1.2018&do=testAnalysesGrid-getChildren  @@  exception--2018-01-22--15-16--ef57d69f5b.html
[2018-01-22 16-04-36] Fatal Error: Call to a member function format() on string in C:\xamppnew\htdocs\juno\vendor\doctrine\dbal\lib\Doctrine\DBAL\Types\DateTimeType.php:53  @  http://localhost/juno/admin/project/test-analyses/default/8?testAnalysesGrid-parent=10&testAnalysesGrid-per_page=10&testAnalysesGrid-filter%5BcreateDate%5D=18.1.2018&do=testAnalysesGrid-getChildren  @@  exception--2018-01-22--15-16--ef57d69f5b.html
[2018-01-22 16-04-47] Fatal Error: Call to a member function format() on string in C:\xamppnew\htdocs\juno\vendor\doctrine\dbal\lib\Doctrine\DBAL\Types\DateTimeType.php:53  @  http://localhost/juno/admin/project/test-analyses/default/8?testAnalysesGrid-parent=10&testAnalysesGrid-per_page=10&testAnalysesGrid-filter%5BcreateDate%5D=18.1.2018&do=testAnalysesGrid-getChildren  @@  exception--2018-01-22--15-16--ef57d69f5b.html
[2018-01-22 16-04-57] Fatal Error: Call to a member function format() on string in C:\xamppnew\htdocs\juno\vendor\doctrine\dbal\lib\Doctrine\DBAL\Types\DateTimeType.php:53  @  http://localhost/juno/admin/project/test-analyses/default/8?testAnalysesGrid-parent=10&testAnalysesGrid-per_page=10&testAnalysesGrid-filter%5BcreateDate%5D=18.1.2018&do=testAnalysesGrid-getChildren  @@  exception--2018-01-22--15-16--ef57d69f5b.html
[2018-01-22 16-05-29] Fatal Error: Call to a member function format() on string in C:\xamppnew\htdocs\juno\vendor\doctrine\dbal\lib\Doctrine\DBAL\Types\DateTimeType.php:53  @  http://localhost/juno/admin/project/test-analyses/default/8?testAnalysesGrid-parent=10&testAnalysesGrid-per_page=10&testAnalysesGrid-filter%5BcreateDate%5D=18.1.2018&do=testAnalysesGrid-getChildren  @@  exception--2018-01-22--15-16--ef57d69f5b.html
[2018-01-22 16-05-37] Fatal Error: Call to a member function format() on string in C:\xamppnew\htdocs\juno\vendor\doctrine\dbal\lib\Doctrine\DBAL\Types\DateTimeType.php:53  @  http://localhost/juno/admin/project/test-analyses/default/8?testAnalysesGrid-parent=10&testAnalysesGrid-per_page=10&testAnalysesGrid-filter%5BcreateDate%5D=18.1.2018&do=testAnalysesGrid-getChildren  @@  exception--2018-01-22--15-16--ef57d69f5b.html
[2018-01-22 16-05-39] Fatal Error: Call to a member function format() on string in C:\xamppnew\htdocs\juno\vendor\doctrine\dbal\lib\Doctrine\DBAL\Types\DateTimeType.php:53  @  http://localhost/juno/admin/project/test-analyses/default/8?testAnalysesGrid-parent=10&testAnalysesGrid-per_page=10&testAnalysesGrid-filter%5BcreateDate%5D=18.1.2018&do=testAnalysesGrid-getChildren  @@  exception--2018-01-22--15-16--ef57d69f5b.html
[2018-01-22 16-05-55] Fatal Error: Call to a member function format() on string in C:\xamppnew\htdocs\juno\vendor\doctrine\dbal\lib\Doctrine\DBAL\Types\DateTimeType.php:53  @  http://localhost/juno/admin/project/test-analyses/default/8?testAnalysesGrid-parent=10&testAnalysesGrid-per_page=10&testAnalysesGrid-filter%5BcreateDate%5D=18.1.2018&do=testAnalysesGrid-getChildren  @@  exception--2018-01-22--15-16--ef57d69f5b.html
[2018-01-22 16-06-37] Fatal Error: Call to a member function format() on string in C:\xamppnew\htdocs\juno\vendor\doctrine\dbal\lib\Doctrine\DBAL\Types\DateTimeType.php:53  @  http://localhost/juno/admin/project/test-analyses/default/8?testAnalysesGrid-parent=10&testAnalysesGrid-per_page=10&testAnalysesGrid-filter%5BcreateDate%5D=18.1.2018&do=testAnalysesGrid-getChildren  @@  exception--2018-01-22--15-16--ef57d69f5b.html
[2018-01-22 16-06-49] Fatal Error: Call to a member function format() on string in C:\xamppnew\htdocs\juno\vendor\doctrine\dbal\lib\Doctrine\DBAL\Types\DateTimeType.php:53  @  http://localhost/juno/admin/project/test-analyses/default/8?testAnalysesGrid-parent=10&testAnalysesGrid-per_page=10&testAnalysesGrid-filter%5BcreateDate%5D=18.1.2018&do=testAnalysesGrid-getChildren  @@  exception--2018-01-22--15-16--ef57d69f5b.html
[2018-01-22 16-06-52] Fatal Error: Call to a member function format() on string in C:\xamppnew\htdocs\juno\vendor\doctrine\dbal\lib\Doctrine\DBAL\Types\DateTimeType.php:53  @  http://localhost/juno/admin/project/test-analyses/default/8?testAnalysesGrid-parent=10&testAnalysesGrid-per_page=10&testAnalysesGrid-filter%5BcreateDate%5D=18.1.2018&do=testAnalysesGrid-getChildren  @@  exception--2018-01-22--15-16--ef57d69f5b.html
[2018-01-22 16-07-05] Fatal Error: Call to a member function format() on string in C:\xamppnew\htdocs\juno\vendor\doctrine\dbal\lib\Doctrine\DBAL\Types\DateTimeType.php:53  @  http://localhost/juno/admin/project/test-analyses/default/8?testAnalysesGrid-parent=10&testAnalysesGrid-per_page=10&testAnalysesGrid-filter%5BcreateDate%5D=18.1.2018&do=testAnalysesGrid-getChildren  @@  exception--2018-01-22--15-16--ef57d69f5b.html
[2018-01-22 16-07-20] Fatal Error: Call to a member function format() on string in C:\xamppnew\htdocs\juno\vendor\doctrine\dbal\lib\Doctrine\DBAL\Types\DateTimeType.php:53  @  http://localhost/juno/admin/project/test-analyses/default/8?testAnalysesGrid-parent=10&testAnalysesGrid-per_page=10&testAnalysesGrid-filter%5BcreateDate%5D=18.1.2018&do=testAnalysesGrid-getChildren  @@  exception--2018-01-22--15-16--ef57d69f5b.html
[2018-01-22 16-07-22] Fatal Error: Call to a member function format() on string in C:\xamppnew\htdocs\juno\vendor\doctrine\dbal\lib\Doctrine\DBAL\Types\DateTimeType.php:53  @  http://localhost/juno/admin/project/test-analyses/default/8?testAnalysesGrid-parent=10&testAnalysesGrid-per_page=10&testAnalysesGrid-filter%5BcreateDate%5D=18.1.2018&do=testAnalysesGrid-getChildren  @@  exception--2018-01-22--15-16--ef57d69f5b.html
[2018-01-22 16-08-23] Fatal Error: Call to a member function format() on string in C:\xamppnew\htdocs\juno\vendor\doctrine\dbal\lib\Doctrine\DBAL\Types\DateTimeType.php:53  @  http://localhost/juno/admin/project/test-analyses/default/8?testAnalysesGrid-parent=10&testAnalysesGrid-per_page=10&testAnalysesGrid-filter%5BcreateDate%5D=18.1.2018&do=testAnalysesGrid-getChildren  @@  exception--2018-01-22--15-16--ef57d69f5b.html
[2018-01-22 16-08-39] Fatal Error: Call to a member function format() on string in C:\xamppnew\htdocs\juno\vendor\doctrine\dbal\lib\Doctrine\DBAL\Types\DateTimeType.php:53  @  http://localhost/juno/admin/project/test-analyses/default/8?testAnalysesGrid-parent=10&testAnalysesGrid-per_page=10&testAnalysesGrid-filter%5BcreateDate%5D=18.1.2018&do=testAnalysesGrid-getChildren  @@  exception--2018-01-22--15-16--ef57d69f5b.html
[2018-01-22 16-09-24] Fatal Error: Call to a member function format() on string in C:\xamppnew\htdocs\juno\vendor\doctrine\dbal\lib\Doctrine\DBAL\Types\DateTimeType.php:53  @  http://localhost/juno/admin/project/test-analyses/default/8?testAnalysesGrid-parent=10&testAnalysesGrid-per_page=10&testAnalysesGrid-filter%5BcreateDate%5D=18.1.2018&do=testAnalysesGrid-getChildren  @@  exception--2018-01-22--15-16--ef57d69f5b.html
[2018-01-22 16-10-13] Fatal Error: Call to a member function format() on string in C:\xamppnew\htdocs\juno\vendor\doctrine\dbal\lib\Doctrine\DBAL\Types\DateTimeType.php:53  @  http://localhost/juno/admin/project/test-analyses/default/8?testAnalysesGrid-parent=10&testAnalysesGrid-per_page=10&testAnalysesGrid-filter%5BcreateDate%5D=18.1.2018&do=testAnalysesGrid-getChildren  @@  exception--2018-01-22--15-16--ef57d69f5b.html
[2018-01-22 16-20-01] Fatal Error: Call to a member function format() on string in C:\xamppnew\htdocs\juno\vendor\doctrine\dbal\lib\Doctrine\DBAL\Types\DateTimeType.php:53  @  http://localhost/juno/admin/project/test-analyses/default/8?testAnalysesGrid-parent=10&testAnalysesGrid-per_page=10&testAnalysesGrid-filter%5Bname%5D=&testAnalysesGrid-filter%5BcreateDate%5D=18.1.2018&do=testAnalysesGrid-getChildren  @@  exception--2018-01-22--15-16--ef57d69f5b.html
[2018-01-22 16-21-57] Fatal Error: Call to a member function format() on string in C:\xamppnew\htdocs\juno\vendor\doctrine\dbal\lib\Doctrine\DBAL\Types\DateTimeType.php:53  @  http://localhost/juno/admin/project/test-analyses/default/8?testAnalysesGrid-parent=10&testAnalysesGrid-per_page=10&testAnalysesGrid-filter%5Bname%5D=&testAnalysesGrid-filter%5BcreateDate%5D=18.1.2018&do=testAnalysesGrid-getChildren  @@  exception--2018-01-22--15-16--ef57d69f5b.html
[2018-01-22 16-25-33] Fatal Error: Call to a member function format() on string in C:\xamppnew\htdocs\juno\vendor\doctrine\dbal\lib\Doctrine\DBAL\Types\DateTimeType.php:53  @  http://localhost/juno/admin/project/test-analyses/default/8?testAnalysesGrid-parent=10&testAnalysesGrid-per_page=10&testAnalysesGrid-filter%5BcreateDate%5D=18.1.2018&do=testAnalysesGrid-getChildren  @@  exception--2018-01-22--15-16--ef57d69f5b.html
[2018-01-22 18-37-49] Nette\Application\BadRequestException: No route for HTTP request. #404 in C:\xamppnew\htdocs\juno\vendor\nette\application\src\Application\Application.php:116  @  http://localhost/juno/admin/project/test-analyses/default/DESC/juno/admin/project/test-analyses/default/8?testAnalysesGrid-per_page=10&do=testAnalysesGrid-sort  @@  exception--2018-01-22--18-37--513affda24.html
[2018-01-22 18-37-51] Nette\Application\BadRequestException: No route for HTTP request. #404 in C:\xamppnew\htdocs\juno\vendor\nette\application\src\Application\Application.php:116  @  http://localhost/juno/admin/project/test-analyses/default/DESC/juno/admin/project/test-analyses/default/8?testAnalysesGrid-per_page=10&do=testAnalysesGrid-sort  @@  exception--2018-01-22--18-37--513affda24.html
[2018-01-23 16-00-13] Kdyby\Doctrine\MemberAccessException: Cannot read an undeclared property ProjectModule\Entities\TestPlanSprintCase::$testPlan. in C:\xamppnew\htdocs\juno\vendor\kdyby\doctrine\src\Kdyby\Doctrine\exceptions.php:188  @  http://localhost/juno/admin/project/test-execution/test-sprint/8?testerDatagrid-column=testPlan.name&testSprintID=17&do=testerDatagrid-showColumn  @@  exception--2018-01-23--16-00--fb4528f3dc.html
[2018-01-23 18-14-56] Nette\Application\BadRequestException: Page not found. Missing template 'â€¦\ProjectModule\templates\RestTestExecution\submitTestExecution.latte'. #404 in C:\xamppnew\htdocs\juno\vendor\nette\application\src\Application\UI\Presenter.php:691  @  http://localhost/juno/admin/project/rest-test-execution/submit-test-execution/8?creatorID=2&statusID=2&testPlanSprintID=17&testStepID=37  @@  exception--2018-01-23--18-14--05e6afaee8.html
[2018-01-23 21-33-44] Notice: Undefined index:  in C:\xamppnew\htdocs\juno\temp\cache\latte\templates-TestExecution-testSprint.latte--4822807c0c.php:103  @  http://localhost/juno/admin/project/test-execution/test-sprint/8?testPlanSprintCaseID=57&testSprintID=17&do=openTestPlanSprintCase  @@  exception--2018-01-23--21-33--fb21fae24b.html
[2018-01-24 13-14-41] Nette\MemberAccessException: Cannot read an undeclared property ProjectModule\Presenters\RestSettingsPresenter::$projectID. in C:\xamppnew\htdocs\juno\vendor\nette\utils\src\Utils\ObjectMixin.php:38  @  http://localhost/juno/admin/project/rest-settings/remove-user-project-role?userID=14&roleID=3  @@  exception--2018-01-24--13-14--e7e85df90e.html
[2018-01-24 13-14-46] Nette\MemberAccessException: Cannot read an undeclared property ProjectModule\Presenters\RestSettingsPresenter::$projectID. in C:\xamppnew\htdocs\juno\vendor\nette\utils\src\Utils\ObjectMixin.php:38  @  http://localhost/juno/admin/project/rest-settings/remove-user-project-role?userID=1&roleID=3  @@  exception--2018-01-24--13-14--e7e85df90e.html
[2018-01-24 13-14-48] Nette\MemberAccessException: Cannot read an undeclared property ProjectModule\Presenters\RestSettingsPresenter::$projectID. in C:\xamppnew\htdocs\juno\vendor\nette\utils\src\Utils\ObjectMixin.php:38  @  http://localhost/juno/admin/project/rest-settings/remove-user-project-role?userID=1&roleID=3  @@  exception--2018-01-24--13-14--e7e85df90e.html
[2018-01-24 13-15-18] Nette\MemberAccessException: Cannot read an undeclared property ProjectModule\Presenters\RestSettingsPresenter::$projectID. in C:\xamppnew\htdocs\juno\vendor\nette\utils\src\Utils\ObjectMixin.php:38  @  http://localhost/juno/admin/project/rest-settings/remove-user-project-role?userID=14&roleID=3  @@  exception--2018-01-24--13-14--e7e85df90e.html
[2018-01-24 15-07-33] Notice: Undefined variable $testPlanSprintID, did you mean $testPlanSprint? in C:\xamppnew\htdocs\juno\temp\cache\latte\templates-TestExecution-testedTestCase.latte--9517f7ebf6.php:58  @  http://localhost/juno/admin/project/test-execution/test-sprint/8?testPlanSprintCaseID=64&testSprintID=17&do=openTestPlanSprintCase  @@  exception--2018-01-24--15-07--62c9f6e2ba.html
[2018-01-24 15-51-48] Nette\MemberAccessException: Cannot read an undeclared column '0'. in C:\xamppnew\htdocs\juno\vendor\nette\database\src\Database\Table\ActiveRow.php:299  @  http://localhost/juno/admin/project/rest-test-execution/is-timer-running?testPlanSprintID=17&testCaseID=46&testerID=2  @@  exception--2018-01-24--15-51--65ea82ec10.html
[2018-01-24 19-36-24] Notice: Undefined index:  in C:\xamppnew\htdocs\juno\temp\cache\latte\templates-TestExecution-testedTestCase.latte--9517f7ebf6.php:67  @  http://localhost/juno/admin/project/test-execution/test-sprint/8?testPlanSprintCaseID=66&testSprintID=17&do=openTestPlanSprintCase  @@  exception--2018-01-24--19-36--62c4b34c07.html
[2018-01-24 19-36-28] Notice: Undefined index:  in C:\xamppnew\htdocs\juno\temp\cache\latte\templates-TestExecution-testedTestCase.latte--9517f7ebf6.php:67  @  http://localhost/juno/admin/project/test-execution/test-sprint/8?testPlanSprintCaseID=66&testSprintID=17&do=openTestPlanSprintCase  @@  exception--2018-01-24--19-36--62c4b34c07.html
[2018-01-24 19-39-24] Notice: Undefined index:  in C:\xamppnew\htdocs\juno\temp\cache\latte\templates-TestExecution-testedTestCase.latte--9517f7ebf6.php:67  @  http://localhost/juno/admin/project/test-execution/test-sprint/8/17?testPlanSprintCaseID=67&testerDatagrid-per_page=20&do=openTestPlanSprintCase  @@  exception--2018-01-24--19-36--62c4b34c07.html
[2018-01-25 10-10-43] Doctrine\ORM\Query\QueryException: [Semantical Error] line 0, col 95 near 'creator_id =': Error: Class ProjectModule\Entities\TestPlan has no field or association named creator_id in C:\xamppnew\htdocs\juno\vendor\doctrine\orm\lib\Doctrine\ORM\Query\QueryException.php:63 caused by Doctrine\ORM\Query\QueryException: SELECT COUNT(tp.id) FROM ProjectModule\Entities\TestPlan tp WHERE tp.project = :project AND tp.creator_id = :param1 in C:\xamppnew\htdocs\juno\vendor\doctrine\orm\lib\Doctrine\ORM\Query\QueryException.php:41  @  http://localhost/juno/admin/project/test-plan/default/8  @@  exception--2018-01-25--10-10--c52fa1fa2c.html
[2018-01-25 11-03-13] Doctrine\ORM\Query\QueryException: [Semantical Error] line 0, col 133 near 'countOfTestSteps': Error: Class ProjectModule\Entities\TestPlanSprintCase has no field or association named countOfTestSteps in C:\xamppnew\htdocs\juno\vendor\doctrine\orm\lib\Doctrine\ORM\Query\QueryException.php:63 caused by Doctrine\ORM\Query\QueryException: SELECT tpsc FROM ProjectModule\Entities\TestPlanSprintCase tpsc WHERE tpsc.user = :user AND tpsc.testPlanSprint = :tps ORDER BY tpsc.countOfTestSteps ASC in C:\xamppnew\htdocs\juno\vendor\doctrine\orm\lib\Doctrine\ORM\Query\QueryException.php:41  @  http://localhost/juno/admin/project/test-execution/test-sprint/8/17?testerDatagrid-sort%5BcountOfTestSteps%5D=ASC&testerDatagrid-per_page=10&do=testerDatagrid-sort  @@  exception--2018-01-25--11-03--9d7770a41f.html
[2018-01-25 11-03-17] Doctrine\ORM\Query\QueryException: [Semantical Error] line 0, col 133 near 'countOfTestSteps': Error: Class ProjectModule\Entities\TestPlanSprintCase has no field or association named countOfTestSteps in C:\xamppnew\htdocs\juno\vendor\doctrine\orm\lib\Doctrine\ORM\Query\QueryException.php:63 caused by Doctrine\ORM\Query\QueryException: SELECT tpsc FROM ProjectModule\Entities\TestPlanSprintCase tpsc WHERE tpsc.user = :user AND tpsc.testPlanSprint = :tps ORDER BY tpsc.countOfTestSteps ASC in C:\xamppnew\htdocs\juno\vendor\doctrine\orm\lib\Doctrine\ORM\Query\QueryException.php:41  @  http://localhost/juno/admin/project/test-execution/test-sprint/8/17?testerDatagrid-sort%5BcountOfTestSteps%5D=ASC&testerDatagrid-per_page=10&do=testerDatagrid-sort  @@  exception--2018-01-25--11-03--9d7770a41f.html
[2018-01-26 13-44-55] Fatal Error: Call to a member function getTestPlan() on null in C:\xamppnew\htdocs\juno\app\AdminModule\Modules\ProjectModule\presenters\TestExecutionPresenter.php:50  @  http://localhost/juno/admin/project/test-execution/test-sprint/8/LINK  @@  exception--2018-01-26--13-44--51f7d0cbde.html
[2018-01-26 14-53-12] Fatal Error: Call to a member function getTestPlan() on null in C:\xamppnew\htdocs\juno\app\AdminModule\Modules\ProjectModule\presenters\TestExecutionPresenter.php:50  @  http://localhost/juno/admin/project/test-execution/test-sprint/8/LINK  @@  exception--2018-01-26--13-44--51f7d0cbde.html
[2018-01-26 15-00-09] Fatal Error: Call to a member function getTestPlan() on null in C:\xamppnew\htdocs\juno\app\AdminModule\Modules\ProjectModule\presenters\TestExecutionPresenter.php:50  @  http://localhost/juno/admin/project/test-execution/test-sprint/8/LINK  @@  exception--2018-01-26--13-44--51f7d0cbde.html
[2018-01-30 14-33-04] Nette\Database\DriverException: SQLSTATE[42S22]: Column not found: 1054 Unknown column 'user_id' in 'where clause' #42S22 in C:\xamppnew\htdocs\juno\vendor\nette\database\src\Database\DriverException.php:25 caused by PDOException: SQLSTATE[42S22]: Column not found: 1054 Unknown column 'user_id' in 'where clause' #42S22 in C:\xamppnew\htdocs\juno\vendor\nette\database\src\Database\ResultSet.php:72  @  http://localhost/juno/admin/project/rest-test-execution/get-user-test-sprints-by-test-plan?userID=14&testPlanID=25  @@  exception--2018-01-30--14-33--c6451e6eba.html
[2018-01-30 16-01-42] Nette\Database\DriverException: SQLSTATE[42S22]: Column not found: 1054 Unknown column 'tse.test_plan_sprint_id' in 'where clause' #42S22 in C:\xamppnew\htdocs\juno\vendor\nette\database\src\Database\DriverException.php:25 caused by PDOException: SQLSTATE[42S22]: Column not found: 1054 Unknown column 'tse.test_plan_sprint_id' in 'where clause' #42S22 in C:\xamppnew\htdocs\juno\vendor\nette\database\src\Database\ResultSet.php:72  @  http://localhost/juno/admin/project/rest-test-execution/get-tested-test-steps?testPlanSprintID=21&testCaseID=43  @@  exception--2018-01-30--16-01--c77f8519e6.html
[2018-01-30 16-04-37] Nette\Database\DriverException: SQLSTATE[42S22]: Column not found: 1054 Unknown column 'tse.test_plan_sprint_id' in 'where clause' #42S22 in C:\xamppnew\htdocs\juno\vendor\nette\database\src\Database\DriverException.php:25 caused by PDOException: SQLSTATE[42S22]: Column not found: 1054 Unknown column 'tse.test_plan_sprint_id' in 'where clause' #42S22 in C:\xamppnew\htdocs\juno\vendor\nette\database\src\Database\ResultSet.php:72  @  http://localhost/juno/admin/project/rest-test-execution/get-tested-test-steps?testPlanSprintID=21&testCaseID=43  @@  exception--2018-01-30--16-01--c77f8519e6.html
[2018-01-30 16-04-43] Nette\Database\DriverException: SQLSTATE[42S22]: Column not found: 1054 Unknown column 'tse.test_plan_sprint_id' in 'where clause' #42S22 in C:\xamppnew\htdocs\juno\vendor\nette\database\src\Database\DriverException.php:25 caused by PDOException: SQLSTATE[42S22]: Column not found: 1054 Unknown column 'tse.test_plan_sprint_id' in 'where clause' #42S22 in C:\xamppnew\htdocs\juno\vendor\nette\database\src\Database\ResultSet.php:72  @  http://localhost/juno/admin/project/rest-test-execution/get-tested-test-steps?testPlanSprintID=21&testCaseID=43  @@  exception--2018-01-30--16-01--c77f8519e6.html
[2018-01-30 16-24-38] Nette\Database\DriverException: SQLSTATE[42S22]: Column not found: 1054 Unknown column 'tse.test_plan_sprint_id' in 'where clause' #42S22 in C:\xamppnew\htdocs\juno\vendor\nette\database\src\Database\DriverException.php:25 caused by PDOException: SQLSTATE[42S22]: Column not found: 1054 Unknown column 'tse.test_plan_sprint_id' in 'where clause' #42S22 in C:\xamppnew\htdocs\juno\vendor\nette\database\src\Database\ResultSet.php:72  @  http://localhost/juno/admin/project/rest-test-execution/get-tested-test-steps?testPlanSprintID=21&testCaseID=46  @@  exception--2018-01-30--16-01--c77f8519e6.html
[2018-01-30 17-02-00] Nette\Database\DriverException: SQLSTATE[42S22]: Column not found: 1054 Unknown column 'test_plan_sprint_id' in 'where clause' #42S22 in C:\xamppnew\htdocs\juno\vendor\nette\database\src\Database\DriverException.php:25 caused by PDOException: SQLSTATE[42S22]: Column not found: 1054 Unknown column 'test_plan_sprint_id' in 'where clause' #42S22 in C:\xamppnew\htdocs\juno\vendor\nette\database\src\Database\ResultSet.php:72  @  http://localhost/juno/admin/project/rest-test-execution/is-timer-running?testPlanSprintCaseID=74&testerID=14  @@  exception--2018-01-30--17-02--42821845db.html
[2018-01-30 17-41-24] Notice: Undefined variable: newStatus in C:\xamppnew\htdocs\juno\app\AdminModule\Modules\ProjectModule\presenters\Rest\RestTestExecutionPresenter.php:61  @  http://localhost/juno/admin/project/rest-test-execution/insert-test-execution?creatorID=14&statusID=3&testPlanSprintCaseID=74&testStepID=35  @@  exception--2018-01-30--17-41--372177a74b.html
[2018-01-30 17-41-49] Notice: Undefined variable: newStatus in C:\xamppnew\htdocs\juno\app\AdminModule\Modules\ProjectModule\presenters\Rest\RestTestExecutionPresenter.php:61  @  http://localhost/juno/admin/project/rest-test-execution/insert-test-execution?creatorID=14&statusID=2&testPlanSprintCaseID=74&testStepID=35  @@  exception--2018-01-30--17-41--372177a74b.html
[2018-01-30 17-42-08] Notice: Undefined variable: newStatus in C:\xamppnew\htdocs\juno\app\AdminModule\Modules\ProjectModule\presenters\Rest\RestTestExecutionPresenter.php:61  @  http://localhost/juno/admin/project/rest-test-execution/insert-test-execution?creatorID=14&statusID=3&testPlanSprintCaseID=74&testStepID=36  @@  exception--2018-01-30--17-41--372177a74b.html
[2018-01-31 11-10-01] Nette\InvalidArgumentException: There are more placeholders than passed parameters. in C:\xamppnew\htdocs\juno\vendor\nette\database\src\Database\SqlPreprocessor.php:89  @  http://localhost/juno/admin/project/rest-test-execution/insert-test-execution?creatorID=14&statusID=2&testPlanSprintCaseID=74&testStepID=42  @@  exception--2018-01-31--11-10--0e0284cd62.html
[2018-01-31 14-59-35] Nette\Database\DriverException: SQLSTATE[42S22]: Column not found: 1054 Unknown column 'force_status_id' in 'field list' #42S22 in C:\MAMP\htdocs\juno\vendor\nette\database\src\Database\DriverException.php:25 caused by PDOException: SQLSTATE[42S22]: Column not found: 1054 Unknown column 'force_status_id' in 'field list' #42S22 in C:\MAMP\htdocs\juno\vendor\nette\database\src\Database\ResultSet.php:72  @  http://localhost/juno/admin/project/rest-test-execution/set-force-status?testPlanSprintCaseID=74&newForceStatus=2  @@  exception--2018-01-31--14-59--cfb74f5960.html
[2018-01-31 14-01-05] ParseError: syntax error, unexpected ';' in C:\MAMP\htdocs\juno\app\AdminModule\Modules\ProjectModule\presenters\Rest\RestTestExecutionPresenter.php:229  @  http://localhost/juno/admin/project/rest-test-execution/set-force-status?testPlanSprintCaseID=74&newForceStatus=0  @@  exception--2018-01-31--14-01--aeed966ba1.html
[2018-02-01 14-51-30] Nette\Database\DriverException: SQLSTATE[42S22]: Column not found: 1054 Unknown column 'test_plan_sprint_id' in 'where clause' #42S22 in C:\MAMP\htdocs\juno\vendor\nette\database\src\Database\DriverException.php:25 caused by PDOException: SQLSTATE[42S22]: Column not found: 1054 Unknown column 'test_plan_sprint_id' in 'where clause' #42S22 in C:\MAMP\htdocs\juno\vendor\nette\database\src\Database\ResultSet.php:72  @  http://localhost/juno/admin/project/rest-test-execution/get-test-step-history?testStepID=41&testPlanSprintID=21  @@  exception--2018-02-01--14-51--fa8f11e8be.html
[2018-02-01 15-33-49] Error: Call to a member function getRowCount() on array in C:\MAMP\htdocs\juno\app\AdminModule\Modules\ProjectModule\presenters\Rest\RestTestExecutionPresenter.php:115  @  http://localhost/juno/admin/project/rest-test-execution/insert-test-execution?creatorID=2&statusID=2&testPlanSprintCaseID=72&testStepID=40  @@  exception--2018-02-01--15-33--a736d5dbfb.html
[2018-02-01 16-57-28] Nette\Database\DriverException: SQLSTATE[42S22]: Column not found: 1054 Unknown column 'priority' in 'where clause' #42S22 in C:\MAMP\htdocs\juno\vendor\nette\database\src\Database\DriverException.php:25 caused by PDOException: SQLSTATE[42S22]: Column not found: 1054 Unknown column 'priority' in 'where clause' #42S22 in C:\MAMP\htdocs\juno\vendor\nette\database\src\Database\ResultSet.php:72  @  http://localhost/juno/admin/project/test-execution/test-sprint/8/21?testerDatagrid-per_page=10  @@  exception--2018-02-01--16-57--d8b3793055.html
[2018-02-01 16-57-34] Nette\Database\DriverException: SQLSTATE[42S22]: Column not found: 1054 Unknown column 'priority' in 'where clause' #42S22 in C:\MAMP\htdocs\juno\vendor\nette\database\src\Database\DriverException.php:25 caused by PDOException: SQLSTATE[42S22]: Column not found: 1054 Unknown column 'priority' in 'where clause' #42S22 in C:\MAMP\htdocs\juno\vendor\nette\database\src\Database\ResultSet.php:72  @  http://localhost/juno/admin/project/test-execution/test-sprint/8/21?testerDatagrid-per_page=10  @@  exception--2018-02-01--16-57--d8b3793055.html
[2018-02-02 13-04-06] Nette\Database\DriverException: SQLSTATE[42S22]: Column not found: 1054 Unknown column 'testSet' in 'where clause' #42S22 in C:\MAMP\htdocs\juno\vendor\nette\database\src\Database\DriverException.php:25 caused by PDOException: SQLSTATE[42S22]: Column not found: 1054 Unknown column 'testSet' in 'where clause' #42S22 in C:\MAMP\htdocs\juno\vendor\nette\database\src\Database\ResultSet.php:72  @  http://localhost/juno/admin/project/test-execution/test-sprint/8/21?testerDatagrid-per_page=10  @@  exception--2018-02-02--13-04--f54be36cf2.html
[2018-02-02 13-20-46] Nette\Database\DriverException: SQLSTATE[42S22]: Column not found: 1054 Unknown column 'testSet' in 'where clause' #42S22 in C:\MAMP\htdocs\juno\vendor\nette\database\src\Database\DriverException.php:25 caused by PDOException: SQLSTATE[42S22]: Column not found: 1054 Unknown column 'testSet' in 'where clause' #42S22 in C:\MAMP\htdocs\juno\vendor\nette\database\src\Database\ResultSet.php:72  @  http://localhost/juno/admin/project/test-execution/test-sprint/8/21?testerDatagrid-per_page=10  @@  exception--2018-02-02--13-04--f54be36cf2.html
[2018-02-02 13-25-24] Nette\Database\DriverException: SQLSTATE[42S22]: Column not found: 1054 Unknown column 'testSet' in 'where clause' #42S22 in C:\MAMP\htdocs\juno\vendor\nette\database\src\Database\DriverException.php:25 caused by PDOException: SQLSTATE[42S22]: Column not found: 1054 Unknown column 'testSet' in 'where clause' #42S22 in C:\MAMP\htdocs\juno\vendor\nette\database\src\Database\ResultSet.php:72  @  http://localhost/juno/admin/project/test-execution/test-sprint/8/21?testerDatagrid-per_page=10  @@  exception--2018-02-02--13-04--f54be36cf2.html
[2018-02-02 14-38-03] Nette\Database\DriverException: SQLSTATE[42S22]: Column not found: 1054 Unknown column 'test_plan_case.test_case' in 'where clause' #42S22 in C:\MAMP\htdocs\juno\vendor\nette\database\src\Database\DriverException.php:25 caused by PDOException: SQLSTATE[42S22]: Column not found: 1054 Unknown column 'test_plan_case.test_case' in 'where clause' #42S22 in C:\MAMP\htdocs\juno\vendor\nette\database\src\Database\ResultSet.php:72  @  http://localhost/juno/admin/project/rest-test-execution/insert-test-execution?creatorID=2&statusID=2&testPlanSprintCaseID=72&testStepID=38  @@  exception--2018-02-02--14-38--646638c15a.html
[2018-02-02 15-34-47] Error: Class 'AuthorizatorModule\Classes\Privilege' not found in C:\MAMP\htdocs\juno\app\AdminModule\Modules\ProjectModule\model\Factories\RoleFormFactory.php:87  @  http://localhost/juno/admin/settings/specific-settings/?settingsComponent-roleSettings-roleID=3&do=settingsComponent-roleSettings-editRole  @@  exception--2018-02-02--15-34--8c19d4fb40.html
[2018-02-02 15-35-28] Error: Class 'ProjectModule\Factories\Privilege' not found in C:\MAMP\htdocs\juno\app\AdminModule\Modules\ProjectModule\model\Factories\RoleFormFactory.php:86  @  http://localhost/juno/admin/settings/specific-settings/?settingsComponent-roleSettings-roleID=3&do=settingsComponent-roleSettings-editRole  @@  exception--2018-02-02--15-35--9adae17b7e.html
[2018-02-05 13-10-17] Nette\InvalidArgumentException: Component or subcomponent name must not be empty string. in C:\MAMP\htdocs\juno\vendor\nette\component-model\src\ComponentModel\Container.php:136  @  http://localhost/juno/admin/settings/specific-settings/default/roleSettings?do=changeSettingsControl  @@  exception--2018-02-05--13-10--1de05e83e2.html
[2018-02-05 13-10-18] Nette\InvalidArgumentException: Component or subcomponent name must not be empty string. in C:\MAMP\htdocs\juno\vendor\nette\component-model\src\ComponentModel\Container.php:136  @  http://localhost/juno/admin/settings/specific-settings/default/roleSettings?do=changeSettingsControl  @@  exception--2018-02-05--13-10--1de05e83e2.html
[2018-02-05 18-14-42] Nette\MemberAccessException: Call to undefined method ProjectModule\Presenters\RestTestExecutionPresenter::hasRight(). in C:\MAMP\htdocs\juno\vendor\nette\utils\src\Utils\ObjectMixin.php:70  @  http://localhost/juno/admin/project/rest-test-execution/get-user-test-sprints-by-test-plan?userID=2&testPlanID=25&projectID=8  @@  exception--2018-02-05--18-14--54043b175d.html
[2018-02-05 18-27-39] Notice: Use of undefined constant TEST_EXECUTION_CHANGE_STATUS - assumed 'TEST_EXECUTION_CHANGE_STATUS' in C:\MAMP\htdocs\juno\temp\cache\latte\templates-TestExecution-testedTestCase.latte--506b45f9fc.php:75  @  http://localhost/juno/admin/project/test-execution/test-sprint/8/21?testPlanSprintCaseID=72&do=openTestPlanSprintCase  @@  exception--2018-02-05--18-27--3b921d2762.html
[2018-02-05 18-27-50] Notice: Use of undefined constant TEST_EXECUTION_CHANGE_STATUS - assumed 'TEST_EXECUTION_CHANGE_STATUS' in C:\MAMP\htdocs\juno\temp\cache\latte\templates-TestExecution-testedTestCase.latte--506b45f9fc.php:75  @  http://localhost/juno/admin/project/test-execution/test-sprint/8/21?testPlanSprintCaseID=72&do=openTestPlanSprintCase  @@  exception--2018-02-05--18-27--3b921d2762.html
[2018-02-05 17-30-39] ParseError: syntax error, unexpected 'EXIT' (T_EXIT), expecting '=' in C:\MAMP\htdocs\juno\app\AdminModule\Modules\AuthorizatorModule\model\Classes\Privilege.php:52  @  http://localhost/juno/admin/project/rest-test-execution/start-timer?testPlanSprintCaseID=72&testerID=2  @@  exception--2018-02-05--17-30--697bdbfc61.html
[2018-02-05 19-07-42] Notice: Undefined variable: privilegeMeanings in C:\MAMP\htdocs\juno\temp\cache\latte\Controls-SettingsControl-editRole.latte--bbaa5b3755.php:84  @  http://localhost/juno/admin/settings/specific-settings/?settingsComponent-roleSettings-roleID=3&do=settingsComponent-roleSettings-editRole  @@  exception--2018-02-05--19-07--a7f424f345.html
[2018-02-05 19-08-20] Notice: Undefined variable: privilegeMeanings in C:\MAMP\htdocs\juno\temp\cache\latte\Controls-SettingsControl-editRole.latte--bbaa5b3755.php:84  @  http://localhost/juno/admin/settings/specific-settings/?settingsComponent-roleSettings-roleID=3&do=settingsComponent-roleSettings-editRole  @@  exception--2018-02-05--19-07--a7f424f345.html
[2018-02-06 13-42-34] ParseError: syntax error, unexpected '$message' (T_VARIABLE) in C:\MAMP\htdocs\juno\app\AdminModule\Modules\ProjectModule\model\Factories\IssueFormFactory.php:127  @  http://localhost/juno/admin/project/test-execution/test-sprint/8/21?testPlanSprintCaseID=72&do=openTestPlanSprintCase  @@  exception--2018-02-06--13-42--197c6577dc.html
[2018-02-06 15-21-50] Nette\InvalidStateException: Unable to move uploaded file '' to 'multimedia/projects/8/issues/BEN-CRISTOVAO-POSLEDNI-PROD.-BY-THE-GLOWSTICKS-mp3-.mp3'. The system cannot find the file specified. (code: 2) in C:\MAMP\htdocs\juno\vendor\nette\http\src\Http\FileUpload.php:166  @  http://localhost/juno/admin/project/test-execution/test-sprint/8/21  @@  exception--2018-02-06--15-21--a53d39b42d.html
[2018-02-06 15-23-15] Nette\InvalidStateException: Unable to move uploaded file '' to 'multimedia/projects/8/issues/DJ-Wich-Ina-ft.-Elpe-Ego-.mp3'. The system cannot find the file specified. (code: 2) in C:\MAMP\htdocs\juno\vendor\nette\http\src\Http\FileUpload.php:166  @  http://localhost/juno/admin/project/test-execution/test-sprint/8/21  @@  exception--2018-02-06--15-23--b1c5546bcf.html
[2018-02-07 13-59-12] Nette\Application\BadRequestException: Page not found. Missing template 'â€¦\ProjectModule\presenters\templates\RestTestExecution\getIssue.latte'. #404 in C:\MAMP\htdocs\juno\vendor\nette\application\src\Application\UI\Presenter.php:691  @  http://localhost/juno/admin/project/rest-test-execution/get-issue?issueId=15  @@  exception--2018-02-07--13-59--fe4d5a86a9.html
[2018-02-07 14-57-43] Error: Call to a member function format() on null in C:\MAMP\htdocs\juno\app\AdminModule\Modules\ProjectModule\presenters\Rest\RestTestExecutionPresenter.php:271  @  http://localhost/juno/admin/project/rest-test-execution/get-issue?issueId=  @@  exception--2018-02-07--14-57--9a99969c81.html
[2018-02-07 14-57-45] Error: Call to a member function format() on null in C:\MAMP\htdocs\juno\app\AdminModule\Modules\ProjectModule\presenters\Rest\RestTestExecutionPresenter.php:271  @  http://localhost/juno/admin/project/rest-test-execution/get-issue?issueId=  @@  exception--2018-02-07--14-57--9a99969c81.html
[2018-02-08 10-02-09] Nette\InvalidArgumentException: No reference found for $issue->testPlanSprint. in C:\MAMP\htdocs\juno\vendor\nette\database\src\Database\Table\SqlBuilder.php:753  @  http://localhost/juno/admin/project/rest-test-execution/get-issue?issueId=16  @@  exception--2018-02-08--10-02--b2feeda693.html
[2018-02-08 16-41-22] Doctrine\ORM\Query\QueryException: [Semantical Error] line 0, col 82 near 'permission =': Error: Class LogModule\Entities\Log has no field or association named permission in C:\MAMP\htdocs\juno\vendor\doctrine\orm\lib\Doctrine\ORM\Query\QueryException.php:65 caused by Doctrine\ORM\Query\QueryException: SELECT COUNT(L.id) FROM LogModule\Entities\Log L WHERE L.creator = :creator AND L.permission = :param1 AND L.createDate >= :param2 AND L.createDate <= :param3 in C:\MAMP\htdocs\juno\vendor\doctrine\orm\lib\Doctrine\ORM\Query\QueryException.php:43  @  http://localhost/juno/admin/profile/profile/logs?logGrid-per_page=10&logGrid-filter%5BcreateDate%5D%5Bfrom%5D=8.+2.+2018&logGrid-filter%5BcreateDate%5D%5Bto%5D=8.+2.+2018  @@  exception--2018-02-08--16-41--22cb9c15de.html
[2018-02-08 16-41-28] Doctrine\ORM\Query\QueryException: [Semantical Error] line 0, col 82 near 'permission =': Error: Class LogModule\Entities\Log has no field or association named permission in C:\MAMP\htdocs\juno\vendor\doctrine\orm\lib\Doctrine\ORM\Query\QueryException.php:65 caused by Doctrine\ORM\Query\QueryException: SELECT COUNT(L.id) FROM LogModule\Entities\Log L WHERE L.creator = :creator AND L.permission = :param1 AND L.createDate >= :param2 AND L.createDate <= :param3 in C:\MAMP\htdocs\juno\vendor\doctrine\orm\lib\Doctrine\ORM\Query\QueryException.php:43  @  http://localhost/juno/admin/profile/profile/logs?logGrid-per_page=10&logGrid-filter%5BcreateDate%5D%5Bfrom%5D=8.+2.+2018&logGrid-filter%5BcreateDate%5D%5Bto%5D=8.+2.+2018  @@  exception--2018-02-08--16-41--22cb9c15de.html
[2018-02-08 16-41-51] Doctrine\ORM\Query\QueryException: [Semantical Error] line 0, col 82 near 'permission =': Error: Class LogModule\Entities\Log has no field or association named permission in C:\MAMP\htdocs\juno\vendor\doctrine\orm\lib\Doctrine\ORM\Query\QueryException.php:65 caused by Doctrine\ORM\Query\QueryException: SELECT COUNT(L.id) FROM LogModule\Entities\Log L WHERE L.creator = :creator AND L.permission = :param1 in C:\MAMP\htdocs\juno\vendor\doctrine\orm\lib\Doctrine\ORM\Query\QueryException.php:43  @  http://localhost/juno/admin/profile/profile/logs?logGrid-per_page=10  @@  exception--2018-02-08--16-41--7aa6e5c0a7.html
[2018-02-09 11-15-51] Notice: Undefined offset: 1001 in C:\MAMP\htdocs\juno\temp\cache\latte\Controls-SettingsControl-editRole.latte--2a83114f0a.php:84  @  http://localhost/juno/admin/settings/specific-settings/?settingsComponent-roleSettings-roleID=3&do=settingsComponent-roleSettings-editRole  @@  exception--2018-02-09--11-15--6f053ef616.html
[2018-02-09 11-15-54] Notice: Undefined offset: 1001 in C:\MAMP\htdocs\juno\temp\cache\latte\Controls-SettingsControl-editRole.latte--2a83114f0a.php:84  @  http://localhost/juno/admin/settings/specific-settings/?settingsComponent-roleSettings-roleID=3&do=settingsComponent-roleSettings-editRole  @@  exception--2018-02-09--11-15--6f053ef616.html
[2018-02-09 11-16-12] Notice: Undefined offset: 1001 in C:\MAMP\htdocs\juno\temp\cache\latte\Controls-SettingsControl-editRole.latte--2a83114f0a.php:84  @  http://localhost/juno/admin/settings/specific-settings/?settingsComponent-roleSettings-roleID=3&do=settingsComponent-roleSettings-editRole  @@  exception--2018-02-09--11-15--6f053ef616.html
[2018-02-09 16-05-40] Notice: Undefined offset: 1006 in C:\MAMP\htdocs\juno\temp\cache\latte\Controls-SettingsControl-editRole.latte--2a83114f0a.php:84  @  http://localhost/juno/admin/settings/specific-settings/?settingsComponent-roleSettings-roleID=6&do=settingsComponent-roleSettings-editRole  @@  exception--2018-02-09--16-05--fa4d5a3222.html
[2018-02-13 10-43-48] Notice: Undefined offset: 37 in C:\MAMP\htdocs\juno\temp\cache\latte\Controls-SettingsControl-editRole.latte--2a83114f0a.php:84  @  http://localhost/juno/admin/settings/specific-settings/?settingsComponent-roleSettings-roleID=3&do=settingsComponent-roleSettings-editRole  @@  exception--2018-02-13--10-43--f540f766c9.html
[2018-02-13 19-10-22] Latte\CompileException: Unexpected {/if}, expecting {/form} in ...\Blocks\editIssue.latte:73 in C:\MAMP\htdocs\juno\vendor\latte\latte\src\Latte\Compiler\Compiler.php:566  @  http://localhost/juno/admin/project/issues/default/8?issueID=18&do=editIssue  @@  exception--2018-02-13--19-10--02a7a547ef.html
[2018-02-13 19-21-21] Nette\InvalidArgumentException: Component with name 'editIssueForm' does not exist, did you mean 'editIssue'? in C:\MAMP\htdocs\juno\vendor\nette\component-model\src\ComponentModel\Container.php:170  @  http://localhost/juno/admin/project/issues/default/8?issueID=18&do=editIssue  @@  exception--2018-02-13--19-21--23070e2b08.html
[2018-02-13 19-53-28] Nette\Database\DriverException: SQLSTATE[42S22]: Column not found: 1054 Unknown column 'issueTypeId' in 'where clause' #42S22 in C:\MAMP\htdocs\juno\vendor\nette\database\src\Database\DriverException.php:25 caused by PDOException: SQLSTATE[42S22]: Column not found: 1054 Unknown column 'issueTypeId' in 'where clause' #42S22 in C:\MAMP\htdocs\juno\vendor\nette\database\src\Database\ResultSet.php:72  @  http://localhost/juno/admin/project/issues/default/8?issuesGrid-per_page=10&issuesGrid-sort%5Bid%5D=DESC  @@  exception--2018-02-13--19-53--b80493f753.html
[2018-02-13 19-53-32] Nette\Database\DriverException: SQLSTATE[42S22]: Column not found: 1054 Unknown column 'issueTypeId' in 'where clause' #42S22 in C:\MAMP\htdocs\juno\vendor\nette\database\src\Database\DriverException.php:25 caused by PDOException: SQLSTATE[42S22]: Column not found: 1054 Unknown column 'issueTypeId' in 'where clause' #42S22 in C:\MAMP\htdocs\juno\vendor\nette\database\src\Database\ResultSet.php:72  @  http://localhost/juno/admin/project/issues/default/8?issuesGrid-per_page=10&issuesGrid-sort%5Bid%5D=DESC  @@  exception--2018-02-13--19-53--b80493f753.html
[2018-02-13 19-54-32] Nette\Database\DriverException: SQLSTATE[42S22]: Column not found: 1054 Unknown column 'issueTypeId' in 'where clause' #42S22 in C:\MAMP\htdocs\juno\vendor\nette\database\src\Database\DriverException.php:25 caused by PDOException: SQLSTATE[42S22]: Column not found: 1054 Unknown column 'issueTypeId' in 'where clause' #42S22 in C:\MAMP\htdocs\juno\vendor\nette\database\src\Database\ResultSet.php:72  @  http://localhost/juno/admin/project/issues/default/8?issuesGrid-per_page=10&issuesGrid-sort%5Bid%5D=DESC  @@  exception--2018-02-13--19-53--b80493f753.html
[2018-02-14 12-51-06] Error: Class 'ProjectModule\Presenters\Json' not found in C:\MAMP\htdocs\juno\app\AdminModule\Modules\ProjectModule\presenters\Rest\RestIssuesPresenter.php:28  @  http://localhost/juno/admin/project/rest-issues/get-test-sprints?testPlanID=25  @@  exception--2018-02-14--12-51--6d06280430.html
[2018-02-14 13-17-59] Nette\InvalidArgumentException: No reference found for $test_set->test_case. in C:\MAMP\htdocs\juno\vendor\nette\database\src\Database\Table\SqlBuilder.php:753  @  http://localhost/juno/admin/project/rest-issues/get-test-sets?testSprintID=21  @@  exception--2018-02-14--13-17--1cc7dcc1ae.html
[2018-02-14 13-29-23] Nette\MemberAccessException: Cannot read an undeclared column 'name'. in C:\MAMP\htdocs\juno\vendor\nette\database\src\Database\Table\ActiveRow.php:299  @  http://localhost/juno/admin/project/rest-issues/get-test-steps?testCaseID=44  @@  exception--2018-02-14--13-29--b94ea38d18.html
[2018-02-14 13-29-26] Nette\MemberAccessException: Cannot read an undeclared column 'name'. in C:\MAMP\htdocs\juno\vendor\nette\database\src\Database\Table\ActiveRow.php:299  @  http://localhost/juno/admin/project/rest-issues/get-test-steps?testCaseID=45  @@  exception--2018-02-14--13-29--b94ea38d18.html
[2018-02-14 13-29-31] Nette\MemberAccessException: Cannot read an undeclared column 'name'. in C:\MAMP\htdocs\juno\vendor\nette\database\src\Database\Table\ActiveRow.php:299  @  http://localhost/juno/admin/project/rest-issues/get-test-steps?testCaseID=46  @@  exception--2018-02-14--13-29--b94ea38d18.html
[2018-02-15 16-28-41] User Notice: Possible problem: you are sending a HTTP header while already having some data in output buffer. Try Tracy\OutputDebugger or start session earlier. in C:\MAMP\htdocs\juno\vendor\nette\http\src\Http\Response.php:304  @  http://localhost/juno/admin/project/test-plan/default/8?testPlanGrid-per_page=10&testPlanGrid-filter%5Bname%5D=%22test+planik%22  @@  exception--2018-02-15--16-28--3d647b2598.html
[2018-02-16 13-05-30] ArgumentCountError: Too few arguments to function ProjectModule\Factories\TestSetFormFactory::createEditForm(), 1 passed in C:\MAMP\htdocs\juno\app\AdminModule\Modules\ProjectModule\presenters\TestAnalysesPresenter.php on line 105 and exactly 2 expected in C:\MAMP\htdocs\juno\app\AdminModule\Modules\ProjectModule\model\Factories\TestSetFormFactory.php:111  @  http://localhost/juno/admin/project/test-analyses/default/8?testSetID=59&do=editTestSet  @@  exception--2018-02-16--13-05--6fec9b0fc5.html
[2018-02-16 13-45-28] Recoverable Error: Object of class Nette\Forms\Controls\SelectBox could not be converted to string in C:\MAMP\htdocs\juno\vendor\latte\latte\src\Latte\Runtime\Filters.php:47  @  http://localhost/juno/admin/project/test-analyses/default/8?testCaseID=97&do=cloneTestCase  @@  exception--2018-02-16--13-45--1eed54f56c.html
[2018-02-16 14-17-12] Error: Call to a member function getTestPlanCase() on null in C:\MAMP\htdocs\juno\temp\cache\latte\Issues-Blocks-editIssue.latte--a42e7f8037.php:46  @  http://localhost/juno/admin/project/issues/default/8?issueID=29&do=editIssue  @@  exception--2018-02-16--14-17--4dcaf5fda8.html
[2018-02-16 14-22-30] Error: Call to a member function getTestPlanCase() on null in C:\MAMP\htdocs\juno\temp\cache\latte\Issues-Blocks-editIssue.latte--a42e7f8037.php:46  @  http://localhost/juno/admin/project/issues/default/8?issueID=29&do=editIssue  @@  exception--2018-02-16--14-17--4dcaf5fda8.html
[2018-02-16 14-22-56] Error: Call to a member function getTestPlanCase() on null in C:\MAMP\htdocs\juno\temp\cache\latte\Issues-Blocks-editIssue.latte--a42e7f8037.php:46  @  http://localhost/juno/admin/project/issues/default/8?issueID=29&do=editIssue  @@  exception--2018-02-16--14-17--4dcaf5fda8.html
[2018-02-19 16-01-26] Doctrine\DBAL\Types\ConversionException: Could not convert PHP value '2018-02-14 00:00:00' of type 'string' to type 'datetime'. Expected one of the following types: null, DateTime in C:\MAMP\htdocs\juno\vendor\doctrine\dbal\lib\Doctrine\DBAL\Types\ConversionException.php:86  @  http://localhost/juno/admin/project/test-analyses/default/8?testAnalysesGrid-parent=57&testAnalysesGrid-per_page=10&testAnalysesGrid-filter%5Bname%5D=testset&testAnalysesGrid-filter%5BcreateDate%5D%5Bfrom%5D=14.+2.+2018&testAnalysesGrid-filter%5BcreateDate%5D%5Bto%5D=14.+2.+2018&do=testAnalysesGrid-getChildren  @@  exception--2018-02-19--16-01--cb6042c3a9.html
[2018-02-19 16-01-32] Doctrine\DBAL\Types\ConversionException: Could not convert PHP value '2018-02-14 00:00:00' of type 'string' to type 'datetime'. Expected one of the following types: null, DateTime in C:\MAMP\htdocs\juno\vendor\doctrine\dbal\lib\Doctrine\DBAL\Types\ConversionException.php:86  @  http://localhost/juno/admin/project/test-analyses/default/8?testAnalysesGrid-parent=56&testAnalysesGrid-per_page=10&testAnalysesGrid-filter%5Bname%5D=testset&testAnalysesGrid-filter%5BcreateDate%5D%5Bfrom%5D=14.+2.+2018&testAnalysesGrid-filter%5BcreateDate%5D%5Bto%5D=14.+2.+2018&do=testAnalysesGrid-getChildren  @@  exception--2018-02-19--16-01--cb6042c3a9.html
[2018-02-19 16-01-40] Doctrine\DBAL\Types\ConversionException: Could not convert PHP value '2018-02-14 00:00:00' of type 'string' to type 'datetime'. Expected one of the following types: null, DateTime in C:\MAMP\htdocs\juno\vendor\doctrine\dbal\lib\Doctrine\DBAL\Types\ConversionException.php:86  @  http://localhost/juno/admin/project/test-analyses/default/8?testAnalysesGrid-parent=56&testAnalysesGrid-per_page=10&testAnalysesGrid-filter%5Bname%5D=test&testAnalysesGrid-filter%5BcreateDate%5D%5Bfrom%5D=14.+2.+2018&testAnalysesGrid-filter%5BcreateDate%5D%5Bto%5D=14.+2.+2018&testAnalysesGrid-filter%5Bcreator%5D=&do=testAnalysesGrid-getChildren  @@  exception--2018-02-19--16-01--cb6042c3a9.html
[2018-02-19 16-02-07] Doctrine\DBAL\Types\ConversionException: Could not convert PHP value '2018-02-14 00:00:00' of type 'string' to type 'datetime'. Expected one of the following types: null, DateTime in C:\MAMP\htdocs\juno\vendor\doctrine\dbal\lib\Doctrine\DBAL\Types\ConversionException.php:86  @  http://localhost/juno/admin/project/test-analyses/default/8?testAnalysesGrid-parent=56&testAnalysesGrid-per_page=10&testAnalysesGrid-filter%5Bname%5D=te&testAnalysesGrid-filter%5BcreateDate%5D%5Bfrom%5D=14.+2.+2018&testAnalysesGrid-filter%5BcreateDate%5D%5Bto%5D=14.+2.+2018&testAnalysesGrid-filter%5Bcreator%5D=&do=testAnalysesGrid-getChildren  @@  exception--2018-02-19--16-01--cb6042c3a9.html
[2018-02-19 16-02-27] Doctrine\DBAL\Types\ConversionException: Could not convert PHP value '2018-02-14 00:00:00' of type 'string' to type 'datetime'. Expected one of the following types: null, DateTime in C:\MAMP\htdocs\juno\vendor\doctrine\dbal\lib\Doctrine\DBAL\Types\ConversionException.php:86  @  http://localhost/juno/admin/project/test-analyses/default/8?testAnalysesGrid-parent=56&testAnalysesGrid-per_page=10&testAnalysesGrid-filter%5Bname%5D=te&testAnalysesGrid-filter%5BcreateDate%5D%5Bfrom%5D=14.+2.+2018&testAnalysesGrid-filter%5BcreateDate%5D%5Bto%5D=14.+2.+2018&do=testAnalysesGrid-getChildren  @@  exception--2018-02-19--16-01--cb6042c3a9.html
[2018-02-19 18-56-54] Recoverable Error: Object of class ProjectModule\Entities\TagTestCase could not be converted to string in C:\MAMP\htdocs\juno\vendor\latte\latte\src\Latte\Runtime\Filters.php:47  @  http://localhost/juno/admin/project/test-analyses/default/8?testCaseID=100&testAnalysesGrid-per_page=10&do=editTestCase  @@  exception--2018-02-19--18-56--626d6d25c0.html
[2018-02-19 18-56-57] Recoverable Error: Object of class ProjectModule\Entities\TagTestCase could not be converted to string in C:\MAMP\htdocs\juno\vendor\latte\latte\src\Latte\Runtime\Filters.php:47  @  http://localhost/juno/admin/project/test-analyses/default/8?testCaseID=100&testAnalysesGrid-per_page=10&do=editTestCase  @@  exception--2018-02-19--18-56--626d6d25c0.html
[2018-02-22 14-21-24] Notice: Trying to get property of non-object in C:\MAMP\htdocs\juno\temp\cache\latte\TestAnalyses-Blocks-editTestCase.latte--a997f7ae1f.php:88  @  http://localhost/juno/admin/project/test-analyses/default/8?testCaseID=103&do=editTestCase  @@  exception--2018-02-22--14-21--d015032771.html
[2018-02-22 13-37-47] ParseError: syntax error, unexpected '$currentTags' (T_VARIABLE) in C:\MAMP\htdocs\juno\app\AdminModule\Modules\ProjectModule\model\Factories\TestCaseFormFactory.php:307  @  http://localhost/juno/admin/project/test-analyses/default/8?testCaseID=103&testSetId=55&do=editTestCase  @@  exception--2018-02-22--13-37--25920cd85a.html
[2018-02-22 15-33-02] Notice: Undefined variable: testCase in C:\MAMP\htdocs\juno\temp\cache\latte\TestAnalyses-Blocks-editTestSet.latte--77f9b3b251.php:70  @  http://localhost/juno/admin/project/test-analyses/default/8?testSetID=60&do=editTestSet  @@  exception--2018-02-22--15-33--3375c8fedc.html
[2018-02-27 16-07-07] Error: Call to a member function format() on null in C:\MAMP\htdocs\juno\app\AdminModule\Modules\ProjectModule\presenters\Rest\RestTestExecutionPresenter.php:288  @  http://localhost/juno/admin/project/rest-test-execution/get-issue?issueId=29  @@  exception--2018-02-27--16-07--5f73db4412.html
[2018-02-27 16-07-11] Error: Call to a member function format() on null in C:\MAMP\htdocs\juno\app\AdminModule\Modules\ProjectModule\presenters\Rest\RestTestExecutionPresenter.php:288  @  http://localhost/juno/admin/project/rest-test-execution/get-issue?issueId=29  @@  exception--2018-02-27--16-07--5f73db4412.html
